2026-03-02 22:47:37,719 - pcaf_calculaton - INFO - ===================================================
2026-03-02 22:47:37,719 - pcaf_calculaton - INFO - Starting PCAF calculation
2026-03-02 22:47:37,719 - pcaf_calculaton - INFO - Instrument rows by PCAF_ASSET_CLASS: {'LECB': 1, 'BLUE': 1, 'PROJFIN': 1, 'CRE': 1, 'RESMTG': 1, 'SOVBND': 1}
2026-03-02 22:47:37,719 - pcaf_calculaton - INFO - Starting calculation for business loans and unlisted equity
2026-03-02 22:47:37,725 - pcaf_calculaton - ERROR - Error during listed equity and corporate bonds calculation
Traceback (most recent call last):
  File "C:\Users\UV665AR\OneDrive - EY\Documents\GitHub\shacom_FET\fet_app\script\bin\pcaf_calculation\all_run.py", line 29, in run_all
    run_listed_equity_and_corporate_bonds(
    ~~~~~~~~~~~~~~~~~~~~~~~~~~~~~~~~~~~~~^
        rc=rc,
        ^^^^^^
    ...<2 lines>...
        param=param,
        ^^^^^^^^^^^^
    )
    ^
  File "C:\Users\UV665AR\OneDrive - EY\Documents\GitHub\shacom_FET\fet_app\script\bin\pcaf_calculation\listed_equity_and_corporate_bonds.py", line 24, in run_listed_equity_and_corporate_bonds
    return calculator.run()
           ~~~~~~~~~~~~~~^^
  File "C:\Users\UV665AR\OneDrive - EY\Documents\GitHub\shacom_FET\fet_app\script\bin\pcaf_calculation\business_loans_and_unlisted_equity.py", line 132, in run
    df = self._merge_parameter_tables(self.instruments)
  File "C:\Users\UV665AR\OneDrive - EY\Documents\GitHub\shacom_FET\fet_app\script\bin\pcaf_calculation\business_loans_and_unlisted_equity.py", line 52, in _merge_parameter_tables
    df = _merge_intensity(df, "Carbon_Intensity_Rev", "CARBON_INTENSITY_SCOPE_FINAL_REV")
  File "C:\Users\UV665AR\OneDrive - EY\Documents\GitHub\shacom_FET\fet_app\script\bin\pcaf_calculation\business_loans_and_unlisted_equity.py", line 50, in _merge_intensity
    return d.merge(tbl, on="INDUSTRY_CLASSIFICATION_CODE", how="left")
           ~~~~~~~^^^^^^^^^^^^^^^^^^^^^^^^^^^^^^^^^^^^^^^^^^^^^^^^^^^^
  File "C:\Users\UV665AR\AppData\Local\miniconda3\envs\test\Lib\site-packages\pandas\core\frame.py", line 10832, in merge
    return merge(
        self,
    ...<11 lines>...
        validate=validate,
    )
  File "C:\Users\UV665AR\AppData\Local\miniconda3\envs\test\Lib\site-packages\pandas\core\reshape\merge.py", line 170, in merge
    op = _MergeOperation(
        left_df,
    ...<10 lines>...
        validate=validate,
    )
  File "C:\Users\UV665AR\AppData\Local\miniconda3\envs\test\Lib\site-packages\pandas\core\reshape\merge.py", line 807, in __init__
    self._maybe_coerce_merge_keys()
    ~~~~~~~~~~~~~~~~~~~~~~~~~~~~~^^
  File "C:\Users\UV665AR\AppData\Local\miniconda3\envs\test\Lib\site-packages\pandas\core\reshape\merge.py", line 1508, in _maybe_coerce_merge_keys
    raise ValueError(msg)
ValueError: You are trying to merge on float64 and object columns for key 'INDUSTRY_CLASSIFICATION_CODE'. If you wish to proceed you should use pd.concat
