2026-02-10 17:33:18,032 - pcaf_calculaton - INFO - ===================================================
2026-02-10 17:33:18,032 - pcaf_calculaton - INFO - Starting PCAF calculation
2026-02-10 17:33:18,032 - pcaf_calculaton - INFO - Instrument rows by PCAF_ASSET_CLASS: {'LECB': 1, 'BLUE': 1, 'PROJFIN': 1, 'CRE': 1, 'RESMTG': 1, 'SOVBND': 1}
2026-02-10 17:33:18,032 - pcaf_calculaton - INFO - Starting calculation for listed equity and corporate bonds
2026-02-10 17:33:18,032 - pcaf_calculaton - INFO - Starting calculation for business loans and unlisted equity
2026-02-10 17:33:18,032 - pcaf_calculaton - INFO - Starting calculation for project finance
2026-02-10 17:33:18,033 - pcaf_calculaton - INFO - Starting calculation for commercial real estate
2026-02-10 17:33:18,033 - pcaf_calculaton - INFO - Starting calculation for mortgages
2026-02-10 17:33:18,033 - pcaf_calculaton - INFO - Starting calculation for sovereign debt
2026-02-10 17:33:18,033 - pcaf_calculaton - INFO - PCAF calculation completed
2026-02-23 17:23:30,168 - pcaf_calculaton - INFO - ===================================================
2026-02-23 17:23:30,168 - pcaf_calculaton - INFO - Starting PCAF calculation
2026-02-23 17:23:30,168 - pcaf_calculaton - INFO - Instrument rows by PCAF_ASSET_CLASS: {'LECB': 1, 'BLUE': 1, 'PROJFIN': 1, 'CRE': 1, 'RESMTG': 1, 'SOVBND': 1}
2026-02-23 17:23:30,169 - pcaf_calculaton - INFO - Starting calculation for listed equity and corporate bonds
2026-02-23 17:23:30,169 - pcaf_calculaton - INFO - Starting calculation for business loans and unlisted equity
2026-02-23 17:23:30,169 - pcaf_calculaton - INFO - Starting calculation for project finance
2026-02-23 17:23:30,169 - pcaf_calculaton - INFO - Starting calculation for commercial real estate
2026-02-23 17:23:30,169 - pcaf_calculaton - INFO - Starting calculation for mortgages
2026-02-23 17:23:30,169 - pcaf_calculaton - INFO - Starting calculation for sovereign debt
2026-02-23 17:23:30,169 - pcaf_calculaton - INFO - PCAF calculation completed
